2016-11-14 15:16:18,796 - root - DEBUG - Starting state machine Chaperone Protocol FSM in state Chaperone Protocol: disconnected
2016-11-14 15:16:18,798 - root - DEBUG - State machine Chaperone Protocol FSM in state Chaperone Protocol: disconnected received signal Chaperone Protocol: registration sent to chaperone (playground.base.RegisterGate v1.0 (10149b650))
2016-11-14 15:16:18,798 - root - DEBUG - State machine Chaperone Protocol FSM existing current state Chaperone Protocol: disconnected
2016-11-14 15:16:18,798 - root - DEBUG - State machine Chaperone Protocol FSM entering state Chaperone Protocol: negotiating
2016-11-14 15:16:18,800 - playground.network.gate.Service - INFO - Gate Service listening on TCP port 19090
2016-11-14 15:16:18,801 - playground.network.common.Packet - DEBUG - Packet not ready. Cutting off 0 bad bytes
2016-11-14 15:16:18,801 - root - DEBUG - State machine Chaperone Protocol FSM in state Chaperone Protocol: negotiating received signal <class 'playground.network.message.definitions.playground.base.GateRegistered.GateRegisteredv1_0'> (playground.base.GateRegistered v1.0 (10149b950))
2016-11-14 15:16:18,801 - root - DEBUG - State machine Chaperone Protocol FSM existing current state Chaperone Protocol: negotiating
2016-11-14 15:16:18,802 - root - DEBUG - State machine Chaperone Protocol FSM entering state Chaperone Protocol: negotiating
2016-11-14 15:16:18,802 - root - DEBUG - State machine Chaperone Protocol FSM in state Chaperone Protocol: negotiating received signal Chaperone Protocol: chaperone sent registration (playground.base.GateRegistered v1.0 (10149b950))
2016-11-14 15:16:18,802 - root - DEBUG - State machine Chaperone Protocol FSM existing current state Chaperone Protocol: negotiating
2016-11-14 15:16:18,802 - root - DEBUG - State machine Chaperone Protocol FSM entering state Chaperone Protocol: connected
2016-11-14 15:16:31,053 - playground.network.gate.Service - INFO - Gate service received G2G Reservation 2 1630238864 from IPv4Address(TCP, '127.0.0.1', 54309)
2016-11-14 15:16:31,054 - playground.network.gate.Service - INFO - Gate Service registering new listener on port 101
2016-11-14 15:16:35,807 - playground.network.gate.Service - INFO - Gate service received G2G Reservation 1 3713322672 from IPv4Address(TCP, '127.0.0.1', 54390)
2016-11-14 15:16:35,807 - playground.network.gate.Service - INFO - Port map for 1000 (resvId 3713322672) connecting to outbound 20164.0.0.1 101 using callback addr 127.0.0.1:23819
2016-11-14 15:16:35,808 - playground.network.gate.Service - INFO - Gate Service registering new outbound connection to 20164.0.0.1 101 with srcport 1000
2016-11-14 15:16:35,809 - playground.network.gate.Service - INFO - Completing callback circuit for outbound connect with resvId 3713322672 on local TCP port 54391
2016-11-14 15:16:35,812 - playground.network.common.Packet - DEBUG - Packet not ready. Cutting off 0 bad bytes
2016-11-14 15:16:35,812 - root - DEBUG - State machine Chaperone Protocol FSM in state Chaperone Protocol: connected received signal <class 'playground.network.message.definitions.playground.base.Gate2GateMessage.Gate2GateMessagev1_0'> (playground.base.Gate2GateMessage v1.0 (10149bdd0))
2016-11-14 15:16:35,812 - root - DEBUG - State machine Chaperone Protocol FSM existing current state Chaperone Protocol: connected
2016-11-14 15:16:35,813 - root - DEBUG - State machine Chaperone Protocol FSM entering state Chaperone Protocol: connected
2016-11-14 15:16:35,813 - playground.network.gate.Service - INFO - Spawning new connection from 20164.0.0.1:1000 to port 101
2016-11-14 15:16:35,813 - playground.network.gate.Service - INFO - Port map for 101 (resvId 1630238864) spawning new connection from 20164.0.0.1 1000
2016-11-14 15:16:35,813 - playground.network.gate.Service - DEBUG - Data received for port 101, but port not ready. Buffering
2016-11-14 15:16:35,814 - playground.network.gate.Service - INFO - Spawning new connection for listener with resvId 1630238864 for 20164.0.0.1 1000 on local TCP port 54392
2016-11-14 15:16:35,814 - playground.network.gate.Service - DEBUG - Gate service forwarding 214 buffered bytes for srcPort 1000
2016-11-14 15:16:35,819 - playground.network.common.Packet - DEBUG - Packet not ready. Cutting off 0 bad bytes
2016-11-14 15:16:35,819 - root - DEBUG - State machine Chaperone Protocol FSM in state Chaperone Protocol: connected received signal <class 'playground.network.message.definitions.playground.base.Gate2GateMessage.Gate2GateMessagev1_0'> (playground.base.Gate2GateMessage v1.0 (10149b990))
2016-11-14 15:16:35,819 - root - DEBUG - State machine Chaperone Protocol FSM existing current state Chaperone Protocol: connected
2016-11-14 15:16:35,820 - root - DEBUG - State machine Chaperone Protocol FSM entering state Chaperone Protocol: connected
2016-11-14 15:16:35,821 - playground.network.gate.Service - DEBUG - Gate service forwarding 135 bytes for srcPort 101
2016-11-14 15:16:42,059 - playground.network.gate.Service - INFO - Closing reservation on port 1000
2016-11-14 15:16:42,711 - playground.network.gate.Service - INFO - Closing reservation on port 101
